<?xml version="1.0" encoding="UTF-8"?>
<robot generator="Robot 6.0.1 (Python 3.11.1 on win32)" generated="20230105 11:50:02.205" rpa="false" schemaversion="3">
<suite id="s1" name="SeleniumWebdriverPhyton" source="C:\Users\alber\source\repos\SeleniumWebdriverPhyton\SeleniumWebdriverPhyton">
<suite id="s1-s1" name="GoogleTestSlides" source="C:\Users\alber\source\repos\SeleniumWebdriverPhyton\SeleniumWebdriverPhyton\GoogleTestSlides">
<suite id="s1-s1-s1" name="ChromeSlides" source="C:\Users\alber\source\repos\SeleniumWebdriverPhyton\SeleniumWebdriverPhyton\GoogleTestSlides\ChromeSlides.robot">
<test id="s1-s1-s1-t1" name="TC503_ValidateTextInThePresentation" line="23">
<kw name="SetupSlides" library="Slides" type="SETUP">
<arg>${browser}</arg>
<msg timestamp="20230105 11:50:03.293" level="INFO">====== WebDriver manager ======</msg>
<msg timestamp="20230105 11:50:05.931" level="INFO">Get LATEST chromedriver version for google-chrome 108.0.5359</msg>
<msg timestamp="20230105 11:50:09.135" level="INFO">Driver [C:\Users\alber\.wdm\drivers\chromedriver\win32\108.0.5359\chromedriver.exe] found in cache</msg>
<msg timestamp="20230105 11:50:11.062" level="INFO">Browser should be opened: Browser.CHROME</msg>
<msg timestamp="20230105 11:50:11.064" level="INFO">Loading Sites.SLIDES</msg>
<msg timestamp="20230105 11:50:11.068" level="INFO">Going to site: https://docs.google.com/presentation/u/0/?tgif=d</msg>
<msg timestamp="20230105 11:50:12.798" level="INFO">Waiting element to be Clickable, element//*[@id='identifierId'] ...</msg>
<msg timestamp="20230105 11:50:12.910" level="INFO">Element found: &lt;selenium.webdriver.remote.webelement.WebElement (session="b15f5ae1bc742867211136008f929eb2", element="f41ac8bb-2bb8-4c2c-8e38-59a489e50d87")&gt;</msg>
<msg timestamp="20230105 11:50:12.911" level="INFO">Sending keys: eiti.hirota@gmail.com - In the element: //*[@id='identifierId'] ...</msg>
<msg timestamp="20230105 11:50:12.913" level="INFO">Waiting element to be Clickable, element//*[@id='identifierId'] ...</msg>
<msg timestamp="20230105 11:50:12.962" level="INFO">Element found: &lt;selenium.webdriver.remote.webelement.WebElement (session="b15f5ae1bc742867211136008f929eb2", element="f41ac8bb-2bb8-4c2c-8e38-59a489e50d87")&gt;</msg>
<msg timestamp="20230105 11:50:12.963" level="INFO">Looking for element: //*[@id='identifierId'] ...</msg>
<msg timestamp="20230105 11:50:12.975" level="INFO">Element found: &lt;selenium.webdriver.remote.webelement.WebElement (session="b15f5ae1bc742867211136008f929eb2", element="f41ac8bb-2bb8-4c2c-8e38-59a489e50d87")&gt;</msg>
<msg timestamp="20230105 11:50:13.144" level="INFO">Waiting seconds: 1</msg>
<msg timestamp="20230105 11:50:14.146" level="INFO">Key sent to element: &lt;selenium.webdriver.remote.webelement.WebElement (session="b15f5ae1bc742867211136008f929eb2", element="f41ac8bb-2bb8-4c2c-8e38-59a489e50d87")&gt;</msg>
<msg timestamp="20230105 11:50:14.147" level="INFO">Clicking element...</msg>
<msg timestamp="20230105 11:50:14.148" level="INFO">Waiting element to be Clickable, element//div[@id='identifierNext'] ...</msg>
<msg timestamp="20230105 11:50:14.193" level="INFO">Element found: &lt;selenium.webdriver.remote.webelement.WebElement (session="b15f5ae1bc742867211136008f929eb2", element="86116c9b-87c8-4bb6-9ccc-f6d8ce16721c")&gt;</msg>
<msg timestamp="20230105 11:50:14.193" level="INFO">Looking for element: //div[@id='identifierNext'] ...</msg>
<msg timestamp="20230105 11:50:14.205" level="INFO">Element found: &lt;selenium.webdriver.remote.webelement.WebElement (session="b15f5ae1bc742867211136008f929eb2", element="86116c9b-87c8-4bb6-9ccc-f6d8ce16721c")&gt;</msg>
<msg timestamp="20230105 11:50:14.625" level="INFO">Element clicked: &lt;selenium.webdriver.remote.webelement.WebElement (session="b15f5ae1bc742867211136008f929eb2", element="86116c9b-87c8-4bb6-9ccc-f6d8ce16721c")&gt;</msg>
<msg timestamp="20230105 11:50:14.626" level="INFO">Waiting seconds: 4</msg>
<msg timestamp="20230105 11:50:18.628" level="INFO">Waiting element to be Clickable, element//input[@name='password' or @name='Passwd'] ...</msg>
<msg timestamp="20230105 11:50:18.671" level="INFO">Element found: &lt;selenium.webdriver.remote.webelement.WebElement (session="b15f5ae1bc742867211136008f929eb2", element="10fc4c93-af9d-49d0-91d2-96fea1a40395")&gt;</msg>
<msg timestamp="20230105 11:50:18.671" level="INFO">Looking for element: //input[@name='password' or @name='Passwd'] ...</msg>
<msg timestamp="20230105 11:50:18.682" level="INFO">Element found: &lt;selenium.webdriver.remote.webelement.WebElement (session="b15f5ae1bc742867211136008f929eb2", element="10fc4c93-af9d-49d0-91d2-96fea1a40395")&gt;</msg>
<msg timestamp="20230105 11:50:18.768" level="INFO">Clicking element...</msg>
<msg timestamp="20230105 11:50:18.769" level="INFO">Waiting element to be Clickable, element//*[@id='passwordNext'] ...</msg>
<msg timestamp="20230105 11:50:18.811" level="INFO">Element found: &lt;selenium.webdriver.remote.webelement.WebElement (session="b15f5ae1bc742867211136008f929eb2", element="bd2361f7-3d5d-407c-b7b6-67d4960abd21")&gt;</msg>
<msg timestamp="20230105 11:50:18.812" level="INFO">Looking for element: //*[@id='passwordNext'] ...</msg>
<msg timestamp="20230105 11:50:18.823" level="INFO">Element found: &lt;selenium.webdriver.remote.webelement.WebElement (session="b15f5ae1bc742867211136008f929eb2", element="bd2361f7-3d5d-407c-b7b6-67d4960abd21")&gt;</msg>
<msg timestamp="20230105 11:50:19.138" level="INFO">Element clicked: &lt;selenium.webdriver.remote.webelement.WebElement (session="b15f5ae1bc742867211136008f929eb2", element="bd2361f7-3d5d-407c-b7b6-67d4960abd21")&gt;</msg>
<msg timestamp="20230105 11:50:19.140" level="INFO">Waiting seconds: 4</msg>
<msg timestamp="20230105 11:50:23.144" level="INFO">Waiting seconds: 5</msg>
<status status="PASS" starttime="20230105 11:50:03.292" endtime="20230105 11:50:28.145"/>
</kw>
<kw name="TC503" library="Slides">
<var>${value}</var>
<msg timestamp="20230105 11:50:28.147" level="INFO">Clicking element...</msg>
<msg timestamp="20230105 11:50:28.148" level="INFO">Waiting element to be Clickable, element//div[@class='docs-homescreen-list-item-title-value'][contains(text(),'TC501')] ...</msg>
<msg timestamp="20230105 11:50:28.205" level="INFO">Element found: &lt;selenium.webdriver.remote.webelement.WebElement (session="b15f5ae1bc742867211136008f929eb2", element="8f7d87b7-e599-43b8-9449-61bf176ddd3d")&gt;</msg>
<msg timestamp="20230105 11:50:28.206" level="INFO">Looking for element: //div[@class='docs-homescreen-list-item-title-value'][contains(text(),'TC501')] ...</msg>
<msg timestamp="20230105 11:50:28.218" level="INFO">Element found: &lt;selenium.webdriver.remote.webelement.WebElement (session="b15f5ae1bc742867211136008f929eb2", element="8f7d87b7-e599-43b8-9449-61bf176ddd3d")&gt;</msg>
<msg timestamp="20230105 11:50:33.621" level="INFO">Element clicked: &lt;selenium.webdriver.remote.webelement.WebElement (session="b15f5ae1bc742867211136008f929eb2", element="8f7d87b7-e599-43b8-9449-61bf176ddd3d")&gt;</msg>
<msg timestamp="20230105 11:50:33.622" level="INFO">Getting Presentation Texts</msg>
<msg timestamp="20230105 11:50:33.624" level="INFO">Getting Google Sheets spreadshet</msg>
<msg timestamp="20230105 11:50:33.626" level="INFO">Getting Google Slides Service</msg>
<msg timestamp="20230105 11:50:33.640" level="INFO">file_cache is only supported with oauth2client&lt;4.0.0</msg>
<msg timestamp="20230105 11:50:33.646" level="INFO">Getting Google Document Id for app: slides</msg>
<msg timestamp="20230105 11:50:33.655" level="INFO">Id found python is: 1D3VDmrqq27J6FLHc9je9ify7PTHXCEj4ifObYhciVZs</msg>
<msg timestamp="20230105 11:50:34.493" level="INFO">Does the Text exist in the list: True. And text is: Hello World</msg>
<msg timestamp="20230105 11:50:34.494" level="INFO">Clicking element...</msg>
<msg timestamp="20230105 11:50:34.495" level="INFO">Waiting element to be Clickable, element//*[@data-tooltip='Docs home' or @data-tooltip='Sheets home'or @data-tooltip='Slides home'] ...</msg>
<msg timestamp="20230105 11:50:34.547" level="INFO">Element found: &lt;selenium.webdriver.remote.webelement.WebElement (session="b15f5ae1bc742867211136008f929eb2", element="64e1f3c5-6564-4b54-bcd4-4cc00e811f1c")&gt;</msg>
<msg timestamp="20230105 11:50:34.547" level="INFO">Looking for element: //*[@data-tooltip='Docs home' or @data-tooltip='Sheets home'or @data-tooltip='Slides home'] ...</msg>
<msg timestamp="20230105 11:50:34.561" level="INFO">Element found: &lt;selenium.webdriver.remote.webelement.WebElement (session="b15f5ae1bc742867211136008f929eb2", element="64e1f3c5-6564-4b54-bcd4-4cc00e811f1c")&gt;</msg>
<msg timestamp="20230105 11:50:36.333" level="INFO">Element clicked: &lt;selenium.webdriver.remote.webelement.WebElement (session="b15f5ae1bc742867211136008f929eb2", element="64e1f3c5-6564-4b54-bcd4-4cc00e811f1c")&gt;</msg>
<msg timestamp="20230105 11:50:36.334" level="INFO">Value: Test Case 501

Value: SubTitle TC501

Value: Slider number 2

Value: Hello World</msg>
<msg timestamp="20230105 11:50:36.335" level="INFO">${value} = True</msg>
<status status="PASS" starttime="20230105 11:50:28.146" endtime="20230105 11:50:36.337"/>
</kw>
<kw name="Should Be True" library="BuiltIn">
<arg>${Value}</arg>
<doc>Fails if the given condition is not true.</doc>
<status status="PASS" starttime="20230105 11:50:36.340" endtime="20230105 11:50:36.341"/>
</kw>
<kw name="SlidesCleanUp" library="Slides" type="TEARDOWN">
<msg timestamp="20230105 11:50:36.343" level="INFO">--------Slides Cleanup--------</msg>
<msg timestamp="20230105 11:50:36.345" level="INFO">Clicking element...</msg>
<msg timestamp="20230105 11:50:36.347" level="INFO">Waiting element to be Clickable, element//*[@data-tooltip='Docs home' or @data-tooltip='Sheets home'or @data-tooltip='Slides home'] ...</msg>
<msg timestamp="20230105 11:50:46.902" level="WARN">TimeOut, Element NOT FOUND: //*[@data-tooltip='Docs home' or @data-tooltip='Sheets home'or @data-tooltip='Slides home']</msg>
<msg timestamp="20230105 11:50:46.904" level="INFO">Looking for element: //*[@data-tooltip='Docs home' or @data-tooltip='Sheets home'or @data-tooltip='Slides home'] ...</msg>
<msg timestamp="20230105 11:50:56.939" level="ERROR">Element NOT FOUND: //*[@data-tooltip='Docs home' or @data-tooltip='Sheets home'or @data-tooltip='Slides home']</msg>
<msg timestamp="20230105 11:50:56.942" level="ERROR">Element NOT FOUND: //*[@data-tooltip='Docs home' or @data-tooltip='Sheets home'or @data-tooltip='Slides home']</msg>
<msg timestamp="20230105 11:50:56.944" level="INFO">Checking if the element exists...</msg>
<msg timestamp="20230105 11:50:56.945" level="INFO">Waiting element to be Clickable, element//div[@class='docs-homescreen-list-item-title-value'][contains(text(),'TC502')] ...</msg>
<msg timestamp="20230105 11:51:07.500" level="WARN">TimeOut, Element NOT FOUND: //div[@class='docs-homescreen-list-item-title-value'][contains(text(),'TC502')]</msg>
<msg timestamp="20230105 11:51:07.503" level="INFO">Finding elements...</msg>
<msg timestamp="20230105 11:51:17.567" level="WARN">Elements ERROR: //div[@class='docs-homescreen-list-item-title-value'][contains(text(),'TC502')]</msg>
<msg timestamp="20230105 11:51:17.569" level="INFO">Does the File in Docs/Sheets/Slides exist: False</msg>
<msg timestamp="20230105 11:51:17.570" level="INFO">Checking if the element exists...</msg>
<msg timestamp="20230105 11:51:17.571" level="INFO">Waiting element to be Clickable, element//div[@class='docs-homescreen-list-item-title-value'][contains(text(),'TC504')] ...</msg>
<msg timestamp="20230105 11:51:28.132" level="WARN">TimeOut, Element NOT FOUND: //div[@class='docs-homescreen-list-item-title-value'][contains(text(),'TC504')]</msg>
<msg timestamp="20230105 11:51:28.134" level="INFO">Finding elements...</msg>
<msg timestamp="20230105 11:51:38.182" level="WARN">Elements ERROR: //div[@class='docs-homescreen-list-item-title-value'][contains(text(),'TC504')]</msg>
<msg timestamp="20230105 11:51:38.184" level="INFO">Does the File in Docs/Sheets/Slides exist: False</msg>
<msg timestamp="20230105 11:51:38.185" level="INFO">Waiting seconds: 3</msg>
<status status="PASS" starttime="20230105 11:50:36.342" endtime="20230105 11:51:41.186"/>
</kw>
<status status="PASS" starttime="20230105 11:50:03.290" endtime="20230105 11:51:41.187"/>
</test>
<status status="PASS" starttime="20230105 11:50:02.302" endtime="20230105 11:51:41.190"/>
</suite>
<status status="PASS" starttime="20230105 11:50:02.255" endtime="20230105 11:51:41.194"/>
</suite>
<status status="PASS" starttime="20230105 11:50:02.222" endtime="20230105 11:51:41.199"/>
</suite>
<statistics>
<total>
<stat pass="1" fail="0" skip="0">All Tests</stat>
</total>
<tag>
</tag>
<suite>
<stat pass="1" fail="0" skip="0" id="s1" name="SeleniumWebdriverPhyton">SeleniumWebdriverPhyton</stat>
<stat pass="1" fail="0" skip="0" id="s1-s1" name="GoogleTestSlides">SeleniumWebdriverPhyton.GoogleTestSlides</stat>
<stat pass="1" fail="0" skip="0" id="s1-s1-s1" name="ChromeSlides">SeleniumWebdriverPhyton.GoogleTestSlides.ChromeSlides</stat>
</suite>
</statistics>
<errors>
<msg timestamp="20230105 11:50:46.902" level="WARN">TimeOut, Element NOT FOUND: //*[@data-tooltip='Docs home' or @data-tooltip='Sheets home'or @data-tooltip='Slides home']</msg>
<msg timestamp="20230105 11:50:56.939" level="ERROR">Element NOT FOUND: //*[@data-tooltip='Docs home' or @data-tooltip='Sheets home'or @data-tooltip='Slides home']</msg>
<msg timestamp="20230105 11:50:56.942" level="ERROR">Element NOT FOUND: //*[@data-tooltip='Docs home' or @data-tooltip='Sheets home'or @data-tooltip='Slides home']</msg>
<msg timestamp="20230105 11:51:07.500" level="WARN">TimeOut, Element NOT FOUND: //div[@class='docs-homescreen-list-item-title-value'][contains(text(),'TC502')]</msg>
<msg timestamp="20230105 11:51:17.567" level="WARN">Elements ERROR: //div[@class='docs-homescreen-list-item-title-value'][contains(text(),'TC502')]</msg>
<msg timestamp="20230105 11:51:28.132" level="WARN">TimeOut, Element NOT FOUND: //div[@class='docs-homescreen-list-item-title-value'][contains(text(),'TC504')]</msg>
<msg timestamp="20230105 11:51:38.182" level="WARN">Elements ERROR: //div[@class='docs-homescreen-list-item-title-value'][contains(text(),'TC504')]</msg>
</errors>
</robot>
